
********************************
   SLIDE screening statistics
********************************

target                   : 1vr1
template                 : biased
database                 : mixed_sample
compounds                : 22

parameters
----------
DME threshold            : 0.3
RMS threshold            : 0.3
max anchor translation   : 0.3
anchor overlap           : 0.3
side-chain overlap       : 0.3
intra overlap            : 0.1
intermediate overlap     : 2.0
tolerated overlap        : 2.0
tolerated max bump       : 0.5
score cutoff             : 0

hashing
-------
total template triangles : 749
non-empty buckets        : 13363
total triangle pointers  : 19665
average triangle pointers: 1
maximal triangle pointers: 8

filter effectiveness
--------------------
triangle match           : 0
triangle DME             : 0
RMS deviation            : 0
anchor unbump            : 1
side-chain unbump        : 0
scoring                  : 0

potential ligands        : 21

timing
------
host                     : arbol.bch.msu.edu
finished                 : Tue Jul  7 15:44:37 2009Wall Clock Time (seconds):     2.45